This file contains any messages produced by compilers while
running configure, to aid debugging if configure makes a mistake.

It was created by RTx::Shredder configure 0.01, which was
generated by GNU Autoconf 2.59.  Invocation command line was

  $ ./configure --with-rt-lib=/opt/rt3/local/lib /opt/rt3/lib

## --------- ##
## Platform. ##
## --------- ##

hostname = cubic
uname -m = i686
uname -r = 2.4.26cub1
uname -s = Linux
uname -v = #1 Суб Май 15 12:48:20 MSD 2004

/usr/bin/uname -p = unknown
/bin/uname -X     = unknown

/bin/arch              = i686
/usr/bin/arch -k       = unknown
/usr/convex/getsysinfo = unknown
hostinfo               = unknown
/bin/machine           = unknown
/usr/bin/oslevel       = unknown
/bin/universe          = unknown

PATH: /usr/local/mysql/bin
PATH: /usr/java/j2re1.4.2_01/bin/
PATH: /usr/local/bin
PATH: /bin
PATH: /usr/bin
PATH: /usr/X11R6/bin
PATH: /usr/local/svn/bin
PATH: /sbin
PATH: /usr/sbin/
PATH: /usr/local/sbin
PATH: /home/cubic/bin


## ----------- ##
## Core tests. ##
## ----------- ##

configure:1391: creating ./config.status

## ---------------------- ##
## Running config.status. ##
## ---------------------- ##

This file was extended by RTx::Shredder config.status 0.01, which was
generated by GNU Autoconf 2.59.  Invocation command line was

  CONFIG_FILES    = 
  CONFIG_HEADERS  = 
  CONFIG_LINKS    = 
  CONFIG_COMMANDS = 
  $ ./config.status 

on cubic

config.status:625: creating sbin/rtx-shredder

## ---------------- ##
## Cache variables. ##
## ---------------- ##

ac_cv_env_build_alias_set=
ac_cv_env_build_alias_value=
ac_cv_env_host_alias_set=
ac_cv_env_host_alias_value=
ac_cv_env_target_alias_set=
ac_cv_env_target_alias_value=

## ----------------- ##
## Output variables. ##
## ----------------- ##

DEFS='-DPACKAGE_NAME=\"RTx::Shredder\" -DPACKAGE_TARNAME=\"rtx--shredder\" -DPACKAGE_VERSION=\"0.01\" -DPACKAGE_STRING=\"RTx::Shredder\ 0.01\" -DPACKAGE_BUGREPORT=\"cubic@wildgate.miee.ru\" '
ECHO_C=''
ECHO_N='-n'
ECHO_T=''
LIBOBJS=''
LIBS=''
LTLIBOBJS=''
PACKAGE_BUGREPORT='cubic@wildgate.miee.ru'
PACKAGE_NAME='RTx::Shredder'
PACKAGE_STRING='RTx::Shredder 0.01'
PACKAGE_TARNAME='rtx--shredder'
PACKAGE_VERSION='0.01'
PATH_SEPARATOR=':'
RT_LIB_PATH='/opt/rt3/local/lib /opt/rt3/lib'
SHELL='/bin/sh'
bindir='${exec_prefix}/bin'
build_alias=''
datadir='${prefix}/share'
exec_prefix='${prefix}'
host_alias=''
includedir='${prefix}/include'
infodir='${prefix}/info'
libdir='${exec_prefix}/lib'
libexecdir='${exec_prefix}/libexec'
localstatedir='${prefix}/var'
mandir='${prefix}/man'
oldincludedir='/usr/include'
prefix='/usr/local'
program_transform_name='s,x,x,'
sbindir='${exec_prefix}/sbin'
sharedstatedir='${prefix}/com'
sysconfdir='${prefix}/etc'
target_alias=''

## ----------- ##
## confdefs.h. ##
## ----------- ##

#define PACKAGE_BUGREPORT "cubic@wildgate.miee.ru"
#define PACKAGE_NAME "RTx::Shredder"
#define PACKAGE_STRING "RTx::Shredder 0.01"
#define PACKAGE_TARNAME "rtx--shredder"
#define PACKAGE_VERSION "0.01"

configure: exit 0
